<?xml version="1.0" encoding="UTF-8"?>
<!-- Generated by org.testng.reporters.JUnitXMLReporter -->
<testsuite hostname="DESKTOP-3IHQCB1" ignored="2" name="Default test(failed)" tests="1" failures="1" timestamp="09 Nov 2021 10:06:39 GMT" time="0.042" errors="0">
  <testcase name="test35" time="0.016" classname="org.cts.A">
    <failure type="java.lang.AssertionError" message="expected [true] but found [false]">
      <![CDATA[java.lang.AssertionError: expected [true] but found [false]
at org.cts.A.test35(A.java:10)
... Removed 29 stack frames]]>
    </failure>
  </testcase> <!-- test35 -->
  <testcase name="test36" time="0.0" classname="org.cts.A">
    <ignored/>
  </testcase> <!-- test36 -->
  <testcase name="test37" time="0.0" classname="org.cts.A">
    <ignored/>
  </testcase> <!-- test37 -->
</testsuite> <!-- Default test(failed) -->
