<?xml version="1.0" encoding="UTF-8"?>
<!-- Generated by org.testng.reporters.JUnitXMLReporter -->
<testsuite hostname="DESKTOP-3IHQCB1" ignored="0" name="Test1" tests="7" failures="0" timestamp="08 Nov 2021 07:06:07 GMT" time="0.09" errors="0">
  <testcase name="test1" time="0.013" classname="org.testng.CompanyParallel"/>
  <testcase name="test2" time="0.002" classname="org.testng.CompanyParallel"/>
  <testcase name="test3" time="0.001" classname="org.testng.CompanyParallel"/>
  <testcase name="test4" time="0.001" classname="org.testng.CompanyParallel"/>
  <testcase name="test5" time="0.01" classname="org.testng.CompanyParallel"/>
  <testcase name="test6" time="0.001" classname="org.testng.CompanyParallel"/>
  <testcase name="test7" time="0.001" classname="org.testng.CompanyParallel"/>
</testsuite> <!-- Test1 -->
